<?xml version="1.0" encoding="utf-8" standalone="yes"?>
<StimulusSegments>
  <StimulusSegment name="Trace1" duration="41250">
    <FixationPoint x="591" y="11" start="24297" duration="181" aoi="Line1" />
    <FixationPoint x="474" y="6" start="29735" duration="247" aoi="Line1" />
    <FixationPoint x="525" y="74" start="29998" duration="230" aoi="Line1" />
    <FixationPoint x="499" y="55" start="31246" duration="214" aoi="Line1" />
    <FixationPoint x="874" y="28" start="62493" duration="279" aoi="Line1" />
    <FixationPoint x="786" y="98" start="24544" duration="312" aoi="Line2" />
    <FixationPoint x="510" y="134" start="24922" duration="394" aoi="Line2" />
    <FixationPoint x="696" y="150" start="25381" duration="230" aoi="Line2" />
    <FixationPoint x="631" y="147" start="26105" duration="213" aoi="Line2" />
    <FixationPoint x="814" y="121" start="26384" duration="230" aoi="Line2" />
    <FixationPoint x="788" y="130" start="26630" duration="542" aoi="Line2" />
    <FixationPoint x="510" y="132" start="27238" duration="411" aoi="Line2" />
    <FixationPoint x="704" y="136" start="27665" duration="378" aoi="Line2" />
    <FixationPoint x="796" y="142" start="28552" duration="263" aoi="Line2" />
    <FixationPoint x="902" y="121" start="28831" duration="345" aoi="Line2" />
    <FixationPoint x="752" y="128" start="29192" duration="477" aoi="Line2" />
    <FixationPoint x="700" y="168" start="30244" duration="164" aoi="Line2" />
    <FixationPoint x="888" y="166" start="30425" duration="361" aoi="Line2" />
    <FixationPoint x="734" y="114" start="31526" duration="378" aoi="Line2" />
    <FixationPoint x="851" y="100" start="31920" duration="247" aoi="Line2" />
    <FixationPoint x="532" y="110" start="32232" duration="213" aoi="Line2" />
    <FixationPoint x="618" y="120" start="32462" duration="181" aoi="Line2" />
    <FixationPoint x="721" y="132" start="32659" duration="197" aoi="Line2" />
    <FixationPoint x="713" y="147" start="32873" duration="181" aoi="Line2" />
    <FixationPoint x="562" y="168" start="62017" duration="114" aoi="Line2" />
    <FixationPoint x="652" y="202" start="23821" duration="164" aoi="Line3" />
    <FixationPoint x="534" y="223" start="25776" duration="312" aoi="Line3" />
    <FixationPoint x="896" y="204" start="33070" duration="246" aoi="Line3" />
    <FixationPoint x="630" y="228" start="34581" duration="198" aoi="Line3" />
    <FixationPoint x="750" y="234" start="34795" duration="246" aoi="Line3" />
    <FixationPoint x="545" y="216" start="35058" duration="197" aoi="Line3" />
    <FixationPoint x="547" y="226" start="35271" duration="230" aoi="Line3" />
    <FixationPoint x="702" y="214" start="35518" duration="707" aoi="Line3" />
    <FixationPoint x="651" y="226" start="36241" duration="361" aoi="Line3" />
    <FixationPoint x="602" y="235" start="36618" duration="197" aoi="Line3" />
    <FixationPoint x="738" y="224" start="36832" duration="295" aoi="Line3" />
    <FixationPoint x="699" y="238" start="37144" duration="362" aoi="Line3" />
    <FixationPoint x="757" y="234" start="37522" duration="230" aoi="Line3" />
    <FixationPoint x="586" y="247" start="37768" duration="312" aoi="Line3" />
    <FixationPoint x="722" y="232" start="38097" duration="213" aoi="Line3" />
    <FixationPoint x="551" y="240" start="38327" duration="411" aoi="Line3" />
    <FixationPoint x="742" y="234" start="51913" duration="230" aoi="Line3" />
    <FixationPoint x="768" y="268" start="52160" duration="180" aoi="Line3" />
    <FixationPoint x="506" y="202" start="60784" duration="262" aoi="Line3" />
    <FixationPoint x="508" y="212" start="61063" duration="181" aoi="Line3" />
    <FixationPoint x="642" y="185" start="62148" duration="181" aoi="Line3" />
    <FixationPoint x="516" y="264" start="63035" duration="164" aoi="Line3" />
    <FixationPoint x="912" y="315" start="33333" duration="263" aoi="Line4" />
    <FixationPoint x="1391" y="322" start="33661" duration="263" aoi="Line4" />
    <FixationPoint x="989" y="351" start="33990" duration="214" aoi="Line4" />
    <FixationPoint x="632" y="314" start="34269" duration="296" aoi="Line4" />
    <FixationPoint x="760" y="296" start="38803" duration="214" aoi="Line4" />
    <FixationPoint x="716" y="344" start="39033" duration="197" aoi="Line4" />
    <FixationPoint x="1066" y="356" start="39296" duration="197" aoi="Line4" />
    <FixationPoint x="1300" y="340" start="39509" duration="230" aoi="Line4" />
    <FixationPoint x="906" y="299" start="39855" duration="197" aoi="Line4" />
    <FixationPoint x="752" y="270" start="40069" duration="263" aoi="Line4" />
    <FixationPoint x="838" y="346" start="40348" duration="181" aoi="Line4" />
    <FixationPoint x="1112" y="354" start="40545" duration="181" aoi="Line4" />
    <FixationPoint x="1315" y="334" start="40742" duration="493" aoi="Line4" />
    <FixationPoint x="1100" y="358" start="41300" duration="329" aoi="Line4" />
    <FixationPoint x="1029" y="354" start="41645" duration="181" aoi="Line4" />
    <FixationPoint x="839" y="329" start="41842" duration="230" aoi="Line4" />
    <FixationPoint x="676" y="328" start="42089" duration="312" aoi="Line4" />
    <FixationPoint x="910" y="350" start="42417" duration="197" aoi="Line4" />
    <FixationPoint x="1223" y="335" start="42680" duration="213" aoi="Line4" />
    <FixationPoint x="1352" y="339" start="42911" duration="295" aoi="Line4" />
    <FixationPoint x="1488" y="310" start="43222" duration="214" aoi="Line4" />
    <FixationPoint x="1519" y="308" start="43453" duration="755" aoi="Line4" />
    <FixationPoint x="732" y="345" start="48151" duration="197" aoi="Line4" />
    <FixationPoint x="674" y="340" start="48364" duration="230" aoi="Line4" />
    <FixationPoint x="1214" y="358" start="48890" duration="279" aoi="Line4" />
    <FixationPoint x="1332" y="358" start="49186" duration="460" aoi="Line4" />
    <FixationPoint x="1326" y="358" start="49663" duration="296" aoi="Line4" />
    <FixationPoint x="742" y="348" start="50270" duration="213" aoi="Line4" />
    <FixationPoint x="1524" y="328" start="50730" duration="329" aoi="Line4" />
    <FixationPoint x="1488" y="316" start="51076" duration="279" aoi="Line4" />
    <FixationPoint x="818" y="322" start="51634" duration="263" aoi="Line4" />
    <FixationPoint x="1368" y="331" start="52504" duration="247" aoi="Line4" />
    <FixationPoint x="866" y="340" start="52997" duration="214" aoi="Line4" />
    <FixationPoint x="982" y="348" start="53227" duration="197" aoi="Line4" />
    <FixationPoint x="1364" y="346" start="53490" duration="181" aoi="Line4" />
    <FixationPoint x="1344" y="344" start="59125" duration="427" aoi="Line4" />
    <FixationPoint x="1378" y="356" start="59569" duration="246" aoi="Line4" />
    <FixationPoint x="714" y="304" start="61737" duration="213" aoi="Line4" />
    <FixationPoint x="535" y="436" start="30852" duration="328" aoi="Line5" />
    <FixationPoint x="1031" y="388" start="47592" duration="213" aoi="Line5" />
    <FixationPoint x="1124" y="360" start="47822" duration="263" aoi="Line5" />
    <FixationPoint x="1052" y="378" start="48660" duration="214" aoi="Line5" />
    <FixationPoint x="810" y="422" start="50024" duration="230" aoi="Line5" />
    <FixationPoint x="1282" y="363" start="50549" duration="164" aoi="Line5" />
    <FixationPoint x="1276" y="360" start="51371" duration="197" aoi="Line5" />
    <FixationPoint x="1108" y="367" start="52767" duration="165" aoi="Line5" />
    <FixationPoint x="1166" y="384" start="53687" duration="164" aoi="Line5" />
    <FixationPoint x="622" y="437" start="54476" duration="197" aoi="Line5" />
    <FixationPoint x="512" y="422" start="54689" duration="460" aoi="Line5" />
    <FixationPoint x="684" y="436" start="55166" duration="361" aoi="Line5" />
    <FixationPoint x="778" y="436" start="55543" duration="707" aoi="Line5" />
    <FixationPoint x="842" y="381" start="63708" duration="197" aoi="Line5" />
    <FixationPoint x="1112" y="388" start="63922" duration="164" aoi="Line5" />
    <FixationPoint x="1113" y="385" start="64103" duration="246" aoi="Line5" />
    <FixationPoint x="864" y="466" start="44274" duration="181" aoi="Line6" />
    <FixationPoint x="760" y="460" start="46229" duration="214" aoi="Line6" />
    <FixationPoint x="881" y="482" start="46459" duration="247" aoi="Line6" />
    <FixationPoint x="662" y="494" start="53917" duration="247" aoi="Line6" />
    <FixationPoint x="750" y="524" start="56266" duration="197" aoi="Line6" />
    <FixationPoint x="1318" y="513" start="58879" duration="230" aoi="Line6" />
    <FixationPoint x="848" y="453" start="63462" duration="229" aoi="Line6" />
    <FixationPoint x="1404" y="560" start="44520" duration="181" aoi="Line7" />
    <FixationPoint x="1355" y="554" start="44717" duration="181" aoi="Line7" />
    <FixationPoint x="908" y="552" start="44964" duration="197" aoi="Line7" />
    <FixationPoint x="697" y="550" start="45177" duration="197" aoi="Line7" />
    <FixationPoint x="822" y="545" start="45440" duration="198" aoi="Line7" />
    <FixationPoint x="1230" y="576" start="45703" duration="263" aoi="Line7" />
    <FixationPoint x="1154" y="548" start="45983" duration="180" aoi="Line7" />
    <FixationPoint x="1065" y="556" start="46722" duration="181" aoi="Line7" />
    <FixationPoint x="1247" y="558" start="46919" duration="394" aoi="Line7" />
    <FixationPoint x="1028" y="546" start="47330" duration="247" aoi="Line7" />
    <FixationPoint x="892" y="548" start="54230" duration="229" aoi="Line7" />
    <FixationPoint x="592" y="596" start="56480" duration="394" aoi="Line7" />
    <FixationPoint x="903" y="566" start="56891" duration="181" aoi="Line7" />
    <FixationPoint x="1086" y="590" start="57087" duration="362" aoi="Line7" />
    <FixationPoint x="1099" y="586" start="57466" duration="180" aoi="Line7" />
    <FixationPoint x="1294" y="568" start="57663" duration="460" aoi="Line7" />
    <FixationPoint x="1294" y="586" start="58139" duration="427" aoi="Line7" />
    <FixationPoint x="1246" y="588" start="58583" duration="279" aoi="Line7" />
    <FixationPoint x="544" y="614" start="60111" duration="608" aoi="Line7" />
    <FixationPoint x="628" y="595" start="61310" duration="361" aoi="Line7" />
    <FixationPoint x="685" y="589" start="63265" duration="181" aoi="Line7" />
  </StimulusSegment>
  <StimulusSegment name="Trace2" duration="104070">
    <FixationPoint x="1002" y="63" start="76046" duration="214" aoi="Line1" />
    <FixationPoint x="478" y="52" start="76326" duration="295" aoi="Line1" />
    <FixationPoint x="1068" y="48" start="77180" duration="196" aoi="Line1" />
    <FixationPoint x="796" y="1" start="77393" duration="180" aoi="Line1" />
    <FixationPoint x="734" y="27" start="77837" duration="164" aoi="Line1" />
    <FixationPoint x="812" y="16" start="80679" duration="246" aoi="Line1" />
    <FixationPoint x="966" y="14" start="80941" duration="247" aoi="Line1" />
    <FixationPoint x="900" y="26" start="81204" duration="230" aoi="Line1" />
    <FixationPoint x="1197" y="24" start="81664" duration="230" aoi="Line1" />
    <FixationPoint x="1180" y="10" start="82929" duration="197" aoi="Line1" />
    <FixationPoint x="447" y="58" start="84572" duration="246" aoi="Line1" />
    <FixationPoint x="513" y="4" start="87118" duration="214" aoi="Line1" />
    <FixationPoint x="776" y="5" start="87398" duration="558" aoi="Line1" />
    <FixationPoint x="1021" y="92" start="74419" duration="181" aoi="Line2" />
    <FixationPoint x="920" y="141" start="74617" duration="279" aoi="Line2" />
    <FixationPoint x="1200" y="84" start="78740" duration="181" aoi="Line2" />
    <FixationPoint x="1140" y="101" start="81911" duration="263" aoi="Line2" />
    <FixationPoint x="1310" y="93" start="82239" duration="214" aoi="Line2" />
    <FixationPoint x="1103" y="94" start="82469" duration="246" aoi="Line2" />
    <FixationPoint x="891" y="198" start="74962" duration="197" aoi="Line3" />
    <FixationPoint x="548" y="190" start="76638" duration="197" aoi="Line3" />
    <FixationPoint x="875" y="156" start="76900" duration="214" aoi="Line3" />
    <FixationPoint x="1172" y="170" start="78986" duration="164" aoi="Line3" />
    <FixationPoint x="568" y="212" start="79430" duration="230" aoi="Line3" />
    <FixationPoint x="819" y="216" start="80038" duration="362" aoi="Line3" />
    <FixationPoint x="722" y="168" start="80416" duration="247" aoi="Line3" />
    <FixationPoint x="581" y="228" start="83192" duration="213" aoi="Line3" />
    <FixationPoint x="709" y="204" start="83422" duration="164" aoi="Line3" />
    <FixationPoint x="772" y="204" start="83603" duration="427" aoi="Line3" />
    <FixationPoint x="798" y="192" start="84047" duration="246" aoi="Line3" />
    <FixationPoint x="648" y="178" start="84309" duration="197" aoi="Line3" />
    <FixationPoint x="798" y="192" start="84884" duration="246" aoi="Line3" />
    <FixationPoint x="883" y="199" start="85147" duration="361" aoi="Line3" />
    <FixationPoint x="683" y="190" start="85525" duration="230" aoi="Line3" />
    <FixationPoint x="504" y="207" start="85771" duration="411" aoi="Line3" />
    <FixationPoint x="870" y="190" start="86248" duration="575" aoi="Line3" />
    <FixationPoint x="654" y="215" start="88925" duration="247" aoi="Line3" />
    <FixationPoint x="859" y="184" start="89189" duration="180" aoi="Line3" />
    <FixationPoint x="738" y="196" start="90240" duration="378" aoi="Line3" />
    <FixationPoint x="551" y="181" start="92655" duration="246" aoi="Line3" />
    <FixationPoint x="646" y="240" start="79216" duration="197" aoi="Line4" />
    <FixationPoint x="708" y="234" start="79677" duration="296" aoi="Line4" />
    <FixationPoint x="730" y="244" start="88630" duration="279" aoi="Line4" />
    <FixationPoint x="698" y="257" start="89386" duration="164" aoi="Line4" />
    <FixationPoint x="637" y="307" start="89566" duration="263" aoi="Line4" />
    <FixationPoint x="868" y="242" start="89895" duration="329" aoi="Line4" />
    <FixationPoint x="524" y="266" start="90684" duration="214" aoi="Line4" />
    <FixationPoint x="762" y="292" start="90913" duration="198" aoi="Line4" />
    <FixationPoint x="818" y="293" start="91127" duration="296" aoi="Line4" />
    <FixationPoint x="604" y="304" start="91439" duration="296" aoi="Line4" />
    <FixationPoint x="450" y="299" start="91751" duration="329" aoi="Line4" />
    <FixationPoint x="548" y="268" start="92096" duration="263" aoi="Line4" />
    <FixationPoint x="406" y="259" start="92376" duration="262" aoi="Line4" />
    <FixationPoint x="646" y="267" start="92918" duration="246" aoi="Line4" />
    <FixationPoint x="832" y="298" start="94643" duration="953" aoi="Line4" />
    <FixationPoint x="786" y="296" start="95612" duration="476" aoi="Line4" />
    <FixationPoint x="795" y="288" start="96105" duration="197" aoi="Line4" />
    <FixationPoint x="839" y="304" start="97583" duration="197" aoi="Line4" />
    <FixationPoint x="775" y="293" start="97895" duration="444" aoi="Line4" />
    <FixationPoint x="466" y="285" start="98405" duration="246" aoi="Line4" />
    <FixationPoint x="694" y="289" start="98667" duration="197" aoi="Line4" />
    <FixationPoint x="814" y="298" start="98881" duration="247" aoi="Line4" />
    <FixationPoint x="814" y="285" start="100261" duration="427" aoi="Line4" />
    <FixationPoint x="596" y="297" start="100705" duration="230" aoi="Line4" />
    <FixationPoint x="492" y="279" start="100951" duration="214" aoi="Line4" />
    <FixationPoint x="888" y="284" start="102495" duration="411" aoi="Line4" />
    <FixationPoint x="480" y="328" start="93180" duration="279" aoi="Line5" />
    <FixationPoint x="715" y="344" start="93476" duration="197" aoi="Line5" />
    <FixationPoint x="824" y="335" start="93690" duration="279" aoi="Line5" />
    <FixationPoint x="648" y="316" start="93986" duration="641" aoi="Line5" />
    <FixationPoint x="647" y="320" start="96318" duration="428" aoi="Line5" />
    <FixationPoint x="736" y="353" start="97353" duration="213" aoi="Line5" />
    <FixationPoint x="683" y="378" start="99144" duration="394" aoi="Line5" />
    <FixationPoint x="821" y="341" start="101230" duration="99" aoi="Line5" />
    <FixationPoint x="748" y="330" start="101346" duration="312" aoi="Line5" />
    <FixationPoint x="621" y="365" start="101674" duration="246" aoi="Line5" />
    <FixationPoint x="768" y="388" start="101937" duration="181" aoi="Line5" />
    <FixationPoint x="721" y="380" start="102972" duration="361" aoi="Line5" />
    <FixationPoint x="704" y="381" start="105995" duration="263" aoi="Line5" />
    <FixationPoint x="796" y="389" start="136682" duration="378" aoi="Line5" />
    <FixationPoint x="816" y="360" start="137076" duration="247" aoi="Line5" />
    <FixationPoint x="732" y="380" start="137339" duration="246" aoi="Line5" />
    <FixationPoint x="741" y="396" start="96762" duration="575" aoi="Line6" />
    <FixationPoint x="551" y="455" start="102232" duration="197" aoi="Line6" />
    <FixationPoint x="740" y="394" start="103350" duration="231" aoi="Line6" />
    <FixationPoint x="702" y="398" start="103596" duration="362" aoi="Line6" />
    <FixationPoint x="808" y="402" start="103974" duration="444" aoi="Line6" />
    <FixationPoint x="741" y="399" start="104434" duration="246" aoi="Line6" />
    <FixationPoint x="686" y="410" start="104697" duration="181" aoi="Line6" />
    <FixationPoint x="862" y="453" start="105797" duration="181" aoi="Line6" />
    <FixationPoint x="782" y="390" start="106274" duration="214" aoi="Line6" />
    <FixationPoint x="508" y="450" start="106553" duration="180" aoi="Line6" />
    <FixationPoint x="814" y="409" start="106799" duration="263" aoi="Line6" />
    <FixationPoint x="558" y="454" start="136452" duration="214" aoi="Line6" />
    <FixationPoint x="742" y="400" start="142794" duration="213" aoi="Line6" />
    <FixationPoint x="617" y="520" start="99604" duration="181" aoi="Line7" />
    <FixationPoint x="621" y="541" start="108705" duration="213" aoi="Line7" />
    <FixationPoint x="484" y="478" start="108935" duration="247" aoi="Line7" />
    <FixationPoint x="708" y="530" start="109198" duration="263" aoi="Line7" />
    <FixationPoint x="630" y="524" start="118759" duration="395" aoi="Line7" />
    <FixationPoint x="698" y="520" start="136272" duration="164" aoi="Line7" />
    <FixationPoint x="1012" y="496" start="137602" duration="164" aoi="Line7" />
    <FixationPoint x="776" y="520" start="139787" duration="230" aoi="Line7" />
    <FixationPoint x="541" y="502" start="140034" duration="181" aoi="Line7" />
    <FixationPoint x="668" y="538" start="140231" duration="165" aoi="Line7" />
    <FixationPoint x="914" y="471" start="142580" duration="197" aoi="Line7" />
    <FixationPoint x="1018" y="573" start="99801" duration="164" aoi="Line8" />
    <FixationPoint x="1088" y="586" start="99982" duration="214" aoi="Line8" />
    <FixationPoint x="696" y="546" start="107128" duration="164" aoi="Line8" />
    <FixationPoint x="1198" y="564" start="107407" duration="246" aoi="Line8" />
    <FixationPoint x="769" y="549" start="107719" duration="214" aoi="Line8" />
    <FixationPoint x="950" y="572" start="107950" duration="443" aoi="Line8" />
    <FixationPoint x="1024" y="575" start="108410" duration="230" aoi="Line8" />
    <FixationPoint x="924" y="584" start="109477" duration="361" aoi="Line8" />
    <FixationPoint x="1086" y="584" start="109855" duration="427" aoi="Line8" />
    <FixationPoint x="1300" y="583" start="110299" duration="312" aoi="Line8" />
    <FixationPoint x="1378" y="572" start="110627" duration="263" aoi="Line8" />
    <FixationPoint x="1240" y="573" start="110907" duration="509" aoi="Line8" />
    <FixationPoint x="966" y="590" start="111482" duration="526" aoi="Line8" />
    <FixationPoint x="1052" y="581" start="112024" duration="263" aoi="Line8" />
    <FixationPoint x="704" y="569" start="112352" duration="394" aoi="Line8" />
    <FixationPoint x="791" y="607" start="112763" duration="197" aoi="Line8" />
    <FixationPoint x="1062" y="604" start="113026" duration="312" aoi="Line8" />
    <FixationPoint x="1278" y="580" start="113354" duration="263" aoi="Line8" />
    <FixationPoint x="1320" y="592" start="113633" duration="230" aoi="Line8" />
    <FixationPoint x="1100" y="604" start="113880" duration="345" aoi="Line8" />
    <FixationPoint x="953" y="614" start="114241" duration="444" aoi="Line8" />
    <FixationPoint x="560" y="554" start="115260" duration="197" aoi="Line8" />
    <FixationPoint x="754" y="622" start="116574" duration="328" aoi="Line8" />
    <FixationPoint x="700" y="623" start="119170" duration="247" aoi="Line8" />
    <FixationPoint x="995" y="606" start="121782" duration="263" aoi="Line8" />
    <FixationPoint x="1276" y="565" start="122110" duration="362" aoi="Line8" />
    <FixationPoint x="1415" y="567" start="122488" duration="263" aoi="Line8" />
    <FixationPoint x="1081" y="564" start="122817" duration="263" aoi="Line8" />
    <FixationPoint x="734" y="602" start="123145" duration="345" aoi="Line8" />
    <FixationPoint x="1021" y="614" start="133282" duration="180" aoi="Line8" />
    <FixationPoint x="958" y="580" start="133479" duration="296" aoi="Line8" />
    <FixationPoint x="802" y="572" start="133791" duration="213" aoi="Line8" />
    <FixationPoint x="931" y="578" start="134021" duration="165" aoi="Line8" />
    <FixationPoint x="1157" y="582" start="134202" duration="181" aoi="Line8" />
    <FixationPoint x="1132" y="578" start="134400" duration="295" aoi="Line8" />
    <FixationPoint x="1010" y="585" start="134711" duration="296" aoi="Line8" />
    <FixationPoint x="692" y="577" start="135073" duration="246" aoi="Line8" />
    <FixationPoint x="1006" y="582" start="137783" duration="180" aoi="Line8" />
    <FixationPoint x="796" y="578" start="137980" duration="295" aoi="Line8" />
    <FixationPoint x="1178" y="573" start="138341" duration="329" aoi="Line8" />
    <FixationPoint x="966" y="571" start="138686" duration="214" aoi="Line8" />
    <FixationPoint x="782" y="566" start="138916" duration="181" aoi="Line8" />
    <FixationPoint x="840" y="559" start="139114" duration="181" aoi="Line8" />
    <FixationPoint x="1170" y="570" start="139360" duration="230" aoi="Line8" />
    <FixationPoint x="1003" y="547" start="139607" duration="164" aoi="Line8" />
    <FixationPoint x="1056" y="590" start="140411" duration="164" aoi="Line8" />
    <FixationPoint x="1092" y="588" start="140592" duration="181" aoi="Line8" />
    <FixationPoint x="900" y="562" start="140789" duration="427" aoi="Line8" />
    <FixationPoint x="770" y="572" start="141233" duration="377" aoi="Line8" />
    <FixationPoint x="1062" y="586" start="141677" duration="279" aoi="Line8" />
    <FixationPoint x="876" y="583" start="141972" duration="197" aoi="Line8" />
    <FixationPoint x="738" y="582" start="142186" duration="328" aoi="Line8" />
    <FixationPoint x="827" y="593" start="143024" duration="164" aoi="Line8" />
    <FixationPoint x="836" y="670" start="114701" duration="280" aoi="Line9" />
    <FixationPoint x="632" y="625" start="114997" duration="247" aoi="Line9" />
    <FixationPoint x="750" y="678" start="115474" duration="378" aoi="Line9" />
    <FixationPoint x="852" y="692" start="115868" duration="690" aoi="Line9" />
    <FixationPoint x="864" y="676" start="116919" duration="230" aoi="Line9" />
    <FixationPoint x="764" y="662" start="118184" duration="230" aoi="Line9" />
    <FixationPoint x="687" y="642" start="118431" duration="312" aoi="Line9" />
    <FixationPoint x="772" y="660" start="132789" duration="263" aoi="Line9" />
    <FixationPoint x="822" y="644" start="133068" duration="197" aoi="Line9" />
    <FixationPoint x="548" y="711" start="104894" duration="165" aoi="Line10" />
    <FixationPoint x="725" y="726" start="117166" duration="378" aoi="Line10" />
    <FixationPoint x="936" y="756" start="117560" duration="263" aoi="Line10" />
    <FixationPoint x="1076" y="747" start="117839" duration="279" aoi="Line10" />
    <FixationPoint x="818" y="702" start="119433" duration="230" aoi="Line10" />
    <FixationPoint x="737" y="774" start="119679" duration="246" aoi="Line10" />
    <FixationPoint x="862" y="730" start="121585" duration="181" aoi="Line10" />
    <FixationPoint x="738" y="746" start="123507" duration="361" aoi="Line10" />
    <FixationPoint x="1062" y="735" start="123934" duration="230" aoi="Line10" />
    <FixationPoint x="1083" y="728" start="124181" duration="279" aoi="Line10" />
    <FixationPoint x="938" y="765" start="124476" duration="312" aoi="Line10" />
    <FixationPoint x="742" y="727" start="124854" duration="181" aoi="Line10" />
    <FixationPoint x="1100" y="728" start="125101" duration="263" aoi="Line10" />
    <FixationPoint x="945" y="761" start="125429" duration="230" aoi="Line10" />
    <FixationPoint x="1108" y="742" start="125676" duration="394" aoi="Line10" />
    <FixationPoint x="1021" y="774" start="126086" duration="345" aoi="Line10" />
    <FixationPoint x="1112" y="746" start="126448" duration="773" aoi="Line10" />
    <FixationPoint x="990" y="764" start="127236" duration="263" aoi="Line10" />
    <FixationPoint x="1132" y="746" start="127515" duration="542" aoi="Line10" />
    <FixationPoint x="1182" y="738" start="128074" duration="312" aoi="Line10" />
    <FixationPoint x="1438" y="770" start="130440" duration="328" aoi="Line10" />
    <FixationPoint x="774" y="778" start="132181" duration="279" aoi="Line10" />
    <FixationPoint x="1206" y="777" start="136025" duration="181" aoi="Line10" />
    <FixationPoint x="928" y="756" start="143204" duration="247" aoi="Line10" />
    <FixationPoint x="1016" y="738" start="144059" duration="246" aoi="Line10" />
    <FixationPoint x="1050" y="747" start="144321" duration="493" aoi="Line10" />
    <FixationPoint x="849" y="757" start="144831" duration="263" aoi="Line10" />
    <FixationPoint x="684" y="722" start="145110" duration="165" aoi="Line10" />
    <FixationPoint x="932" y="744" start="145488" duration="361" aoi="Line10" />
    <FixationPoint x="832" y="706" start="146654" duration="493" aoi="Line10" />
    <FixationPoint x="1011" y="748" start="147164" duration="197" aoi="Line10" />
    <FixationPoint x="1016" y="734" start="147377" duration="213" aoi="Line10" />
    <FixationPoint x="794" y="738" start="147607" duration="197" aoi="Line10" />
    <FixationPoint x="868" y="738" start="147821" duration="164" aoi="Line10" />
    <FixationPoint x="1067" y="727" start="148001" duration="312" aoi="Line10" />
    <FixationPoint x="754" y="734" start="148379" duration="197" aoi="Line10" />
    <FixationPoint x="799" y="728" start="148593" duration="180" aoi="Line10" />
    <FixationPoint x="946" y="743" start="148790" duration="296" aoi="Line10" />
    <FixationPoint x="700" y="720" start="149152" duration="214" aoi="Line10" />
    <FixationPoint x="968" y="748" start="149431" duration="279" aoi="Line10" />
    <FixationPoint x="763" y="754" start="149776" duration="230" aoi="Line10" />
    <FixationPoint x="938" y="742" start="150071" duration="279" aoi="Line10" />
    <FixationPoint x="794" y="740" start="150416" duration="197" aoi="Line10" />
    <FixationPoint x="944" y="742" start="150630" duration="247" aoi="Line10" />
    <FixationPoint x="892" y="738" start="150893" duration="279" aoi="Line10" />
    <FixationPoint x="1003" y="736" start="151189" duration="197" aoi="Line10" />
    <FixationPoint x="776" y="736" start="151451" duration="197" aoi="Line10" />
    <FixationPoint x="1047" y="726" start="151714" duration="213" aoi="Line10" />
    <FixationPoint x="775" y="730" start="151944" duration="213" aoi="Line10" />
    <FixationPoint x="770" y="732" start="152174" duration="197" aoi="Line10" />
    <FixationPoint x="1087" y="730" start="152437" duration="410" aoi="Line10" />
    <FixationPoint x="886" y="752" start="152864" duration="246" aoi="Line10" />
    <FixationPoint x="830" y="748" start="153127" duration="181" aoi="Line10" />
    <FixationPoint x="992" y="737" start="153324" duration="263" aoi="Line10" />
    <FixationPoint x="828" y="736" start="153604" duration="197" aoi="Line10" />
    <FixationPoint x="747" y="715" start="153817" duration="197" aoi="Line10" />
    <FixationPoint x="922" y="728" start="154080" duration="312" aoi="Line10" />
    <FixationPoint x="780" y="747" start="154408" duration="230" aoi="Line10" />
    <FixationPoint x="949" y="738" start="154655" duration="361" aoi="Line10" />
    <FixationPoint x="1030" y="738" start="155032" duration="181" aoi="Line10" />
    <FixationPoint x="864" y="734" start="155230" duration="165" aoi="Line10" />
    <FixationPoint x="829" y="745" start="155410" duration="213" aoi="Line10" />
    <FixationPoint x="1039" y="718" start="155640" duration="214" aoi="Line10" />
    <FixationPoint x="770" y="738" start="155920" duration="214" aoi="Line10" />
    <FixationPoint x="1089" y="718" start="156199" duration="263" aoi="Line10" />
    <FixationPoint x="755" y="744" start="156528" duration="213" aoi="Line10" />
    <FixationPoint x="764" y="722" start="156758" duration="180" aoi="Line10" />
    <FixationPoint x="934" y="718" start="157004" duration="213" aoi="Line10" />
    <FixationPoint x="746" y="732" start="157234" duration="197" aoi="Line10" />
    <FixationPoint x="904" y="744" start="157497" duration="296" aoi="Line10" />
    <FixationPoint x="808" y="740" start="157809" duration="230" aoi="Line10" />
    <FixationPoint x="964" y="754" start="158056" duration="246" aoi="Line10" />
    <FixationPoint x="809" y="732" start="158417" duration="214" aoi="Line10" />
    <FixationPoint x="892" y="725" start="158647" duration="181" aoi="Line10" />
    <FixationPoint x="1112" y="740" start="158844" duration="246" aoi="Line10" />
    <FixationPoint x="1411" y="776" start="161571" duration="197" aoi="Line10" />
    <FixationPoint x="891" y="742" start="170623" duration="312" aoi="Line10" />
    <FixationPoint x="720" y="752" start="170951" duration="329" aoi="Line10" />
    <FixationPoint x="968" y="756" start="171297" duration="246" aoi="Line10" />
    <FixationPoint x="1096" y="750" start="171559" duration="394" aoi="Line10" />
    <FixationPoint x="989" y="773" start="171970" duration="411" aoi="Line10" />
    <FixationPoint x="1045" y="756" start="172397" duration="197" aoi="Line10" />
    <FixationPoint x="889" y="711" start="175305" duration="230" aoi="Line10" />
    <FixationPoint x="776" y="742" start="175551" duration="247" aoi="Line10" />
    <FixationPoint x="954" y="746" start="175814" duration="230" aoi="Line10" />
    <FixationPoint x="1106" y="730" start="176061" duration="329" aoi="Line10" />
    <FixationPoint x="816" y="738" start="176455" duration="214" aoi="Line10" />
    <FixationPoint x="1056" y="722" start="176734" duration="231" aoi="Line10" />
    <FixationPoint x="952" y="752" start="176981" duration="213" aoi="Line10" />
    <FixationPoint x="969" y="740" start="177523" duration="197" aoi="Line10" />
    <FixationPoint x="824" y="743" start="177736" duration="213" aoi="Line10" />
    <FixationPoint x="846" y="758" start="177966" duration="197" aoi="Line10" />
    <FixationPoint x="960" y="758" start="178180" duration="230" aoi="Line10" />
    <FixationPoint x="974" y="789" start="119942" duration="180" aoi="Line11" />
    <FixationPoint x="1182" y="796" start="120139" duration="197" aoi="Line11" />
    <FixationPoint x="1358" y="787" start="120353" duration="279" aoi="Line11" />
    <FixationPoint x="803" y="806" start="128452" duration="443" aoi="Line11" />
    <FixationPoint x="1023" y="802" start="128961" duration="361" aoi="Line11" />
    <FixationPoint x="1071" y="802" start="129339" duration="214" aoi="Line11" />
    <FixationPoint x="970" y="814" start="129569" duration="279" aoi="Line11" />
    <FixationPoint x="1117" y="805" start="129865" duration="230" aoi="Line11" />
    <FixationPoint x="1320" y="796" start="130111" duration="312" aoi="Line11" />
    <FixationPoint x="1268" y="784" start="130785" duration="197" aoi="Line11" />
    <FixationPoint x="1084" y="810" start="130998" duration="279" aoi="Line11" />
    <FixationPoint x="906" y="839" start="131935" duration="230" aoi="Line11" />
    <FixationPoint x="946" y="810" start="132476" duration="296" aoi="Line11" />
    <FixationPoint x="844" y="800" start="143713" duration="329" aoi="Line11" />
    <FixationPoint x="894" y="832" start="145866" duration="197" aoi="Line11" />
    <FixationPoint x="831" y="834" start="146080" duration="328" aoi="Line11" />
    <FixationPoint x="939" y="816" start="146424" duration="213" aoi="Line11" />
    <FixationPoint x="1283" y="807" start="159156" duration="181" aoi="Line11" />
    <FixationPoint x="908" y="834" start="159403" duration="197" aoi="Line11" />
    <FixationPoint x="916" y="804" start="159616" duration="198" aoi="Line11" />
    <FixationPoint x="1020" y="816" start="159830" duration="328" aoi="Line11" />
    <FixationPoint x="988" y="812" start="160174" duration="246" aoi="Line11" />
    <FixationPoint x="1200" y="794" start="160487" duration="181" aoi="Line11" />
    <FixationPoint x="836" y="815" start="160733" duration="378" aoi="Line11" />
    <FixationPoint x="1022" y="806" start="161127" duration="378" aoi="Line11" />
    <FixationPoint x="1460" y="791" start="161785" duration="181" aoi="Line11" />
    <FixationPoint x="1064" y="844" start="163871" duration="230" aoi="Line11" />
    <FixationPoint x="1204" y="800" start="164167" duration="214" aoi="Line11" />
    <FixationPoint x="965" y="800" start="164397" duration="197" aoi="Line11" />
    <FixationPoint x="975" y="793" start="164610" duration="181" aoi="Line11" />
    <FixationPoint x="1230" y="794" start="164807" duration="329" aoi="Line11" />
    <FixationPoint x="882" y="811" start="165202" duration="296" aoi="Line11" />
    <FixationPoint x="1092" y="788" start="165514" duration="214" aoi="Line11" />
    <FixationPoint x="1354" y="786" start="165793" duration="263" aoi="Line11" />
    <FixationPoint x="1169" y="794" start="166073" duration="197" aoi="Line11" />
    <FixationPoint x="920" y="805" start="166286" duration="197" aoi="Line11" />
    <FixationPoint x="836" y="823" start="166500" duration="66" aoi="Line11" />
    <FixationPoint x="1108" y="794" start="166779" duration="295" aoi="Line11" />
    <FixationPoint x="1248" y="796" start="167091" duration="312" aoi="Line11" />
    <FixationPoint x="1213" y="814" start="167469" duration="164" aoi="Line11" />
    <FixationPoint x="840" y="828" start="167699" duration="263" aoi="Line11" />
    <FixationPoint x="1267" y="785" start="168027" duration="197" aoi="Line11" />
    <FixationPoint x="1482" y="787" start="168241" duration="181" aoi="Line11" />
    <FixationPoint x="1430" y="788" start="168438" duration="82" aoi="Line11" />
    <FixationPoint x="844" y="840" start="168586" duration="312" aoi="Line11" />
    <FixationPoint x="1366" y="808" start="168963" duration="214" aoi="Line11" />
    <FixationPoint x="1367" y="809" start="169193" duration="181" aoi="Line11" />
    <FixationPoint x="1077" y="828" start="169391" duration="395" aoi="Line11" />
    <FixationPoint x="967" y="829" start="170344" duration="263" aoi="Line11" />
    <FixationPoint x="860" y="812" start="172660" duration="246" aoi="Line11" />
    <FixationPoint x="952" y="782" start="172923" duration="378" aoi="Line11" />
    <FixationPoint x="833" y="831" start="173317" duration="99" aoi="Line11" />
    <FixationPoint x="874" y="848" start="173580" duration="624" aoi="Line11" />
    <FixationPoint x="882" y="818" start="174221" duration="230" aoi="Line11" />
    <FixationPoint x="1102" y="797" start="174467" duration="263" aoi="Line11" />
    <FixationPoint x="1154" y="784" start="174746" duration="247" aoi="Line11" />
    <FixationPoint x="703" y="912" start="105075" duration="181" aoi="Line12" />
    <FixationPoint x="1196" y="915" start="105321" duration="165" aoi="Line12" />
    <FixationPoint x="1256" y="864" start="105502" duration="230" aoi="Line12" />
    <FixationPoint x="806" y="870" start="120698" duration="328" aoi="Line12" />
    <FixationPoint x="944" y="872" start="121042" duration="296" aoi="Line12" />
    <FixationPoint x="742" y="923" start="121355" duration="213" aoi="Line12" />
    <FixationPoint x="926" y="861" start="131294" duration="214" aoi="Line12" />
    <FixationPoint x="814" y="870" start="131524" duration="394" aoi="Line12" />
    <FixationPoint x="810" y="872" start="135385" duration="230" aoi="Line12" />
    <FixationPoint x="918" y="907" start="135631" duration="181" aoi="Line12" />
    <FixationPoint x="1228" y="906" start="135828" duration="181" aoi="Line12" />
    <FixationPoint x="912" y="864" start="143467" duration="230" aoi="Line12" />
    <FixationPoint x="839" y="862" start="162031" duration="312" aoi="Line12" />
    <FixationPoint x="930" y="864" start="162359" duration="230" aoi="Line12" />
    <FixationPoint x="700" y="887" start="162606" duration="197" aoi="Line12" />
    <FixationPoint x="688" y="933" start="162819" duration="181" aoi="Line12" />
    <FixationPoint x="1026" y="920" start="163017" duration="165" aoi="Line12" />
    <FixationPoint x="1112" y="894" start="163198" duration="197" aoi="Line12" />
    <FixationPoint x="876" y="869" start="163411" duration="444" aoi="Line12" />
    <FixationPoint x="892" y="871" start="169801" duration="214" aoi="Line12" />
    <FixationPoint x="838" y="876" start="170031" duration="296" aoi="Line12" />
    <FixationPoint x="797" y="870" start="177260" duration="197" aoi="Line12" />
  </StimulusSegment>
  <StimulusSegment name="Bug1" duration="105060">
    <FixationPoint x="728" y="221" start="206617" duration="165" aoi="Line1" />
    <FixationPoint x="495" y="164" start="206798" duration="296" aoi="Line1" />
    <FixationPoint x="738" y="208" start="210888" duration="197" aoi="Line1" />
    <FixationPoint x="536" y="192" start="211102" duration="279" aoi="Line1" />
    <FixationPoint x="1020" y="178" start="211447" duration="181" aoi="Line1" />
    <FixationPoint x="1171" y="158" start="211644" duration="296" aoi="Line1" />
    <FixationPoint x="924" y="174" start="248755" duration="197" aoi="Line1" />
    <FixationPoint x="786" y="160" start="249248" duration="214" aoi="Line1" />
    <FixationPoint x="714" y="166" start="249478" duration="361" aoi="Line1" />
    <FixationPoint x="488" y="166" start="249905" duration="247" aoi="Line1" />
    <FixationPoint x="1008" y="186" start="250217" duration="230" aoi="Line1" />
    <FixationPoint x="1135" y="161" start="250464" duration="181" aoi="Line1" />
    <FixationPoint x="1141" y="203" start="250661" duration="214" aoi="Line1" />
    <FixationPoint x="975" y="217" start="257643" duration="181" aoi="Line1" />
    <FixationPoint x="798" y="146" start="257841" duration="229" aoi="Line1" />
    <FixationPoint x="783" y="226" start="267910" duration="230" aoi="Line1" />
    <FixationPoint x="610" y="220" start="278277" duration="181" aoi="Line1" />
    <FixationPoint x="464" y="151" start="278474" duration="329" aoi="Line1" />
    <FixationPoint x="722" y="219" start="279082" duration="164" aoi="Line1" />
    <FixationPoint x="828" y="308" start="212006" duration="197" aoi="Line2" />
    <FixationPoint x="750" y="314" start="212219" duration="361" aoi="Line2" />
    <FixationPoint x="971" y="311" start="212646" duration="707" aoi="Line2" />
    <FixationPoint x="998" y="308" start="218018" duration="214" aoi="Line2" />
    <FixationPoint x="655" y="318" start="223702" duration="279" aoi="Line2" />
    <FixationPoint x="1005" y="320" start="224047" duration="230" aoi="Line2" />
    <FixationPoint x="924" y="320" start="224294" duration="542" aoi="Line2" />
    <FixationPoint x="1016" y="322" start="225986" duration="279" aoi="Line2" />
    <FixationPoint x="926" y="303" start="229748" duration="214" aoi="Line2" />
    <FixationPoint x="745" y="310" start="230027" duration="197" aoi="Line2" />
    <FixationPoint x="1009" y="310" start="230241" duration="181" aoi="Line2" />
    <FixationPoint x="683" y="287" start="234939" duration="279" aoi="Line2" />
    <FixationPoint x="936" y="320" start="238948" duration="247" aoi="Line2" />
    <FixationPoint x="747" y="322" start="239260" duration="214" aoi="Line2" />
    <FixationPoint x="1082" y="312" start="239539" duration="164" aoi="Line2" />
    <FixationPoint x="872" y="322" start="240015" duration="296" aoi="Line2" />
    <FixationPoint x="856" y="318" start="240689" duration="165" aoi="Line2" />
    <FixationPoint x="1044" y="290" start="260797" duration="280" aoi="Line2" />
    <FixationPoint x="798" y="314" start="261093" duration="410" aoi="Line2" />
    <FixationPoint x="564" y="322" start="261520" duration="247" aoi="Line2" />
    <FixationPoint x="1058" y="309" start="263935" duration="246" aoi="Line2" />
    <FixationPoint x="952" y="304" start="264198" duration="247" aoi="Line2" />
    <FixationPoint x="442" y="322" start="267516" duration="329" aoi="Line2" />
    <FixationPoint x="475" y="244" start="268206" duration="312" aoi="Line2" />
    <FixationPoint x="643" y="290" start="268535" duration="329" aoi="Line2" />
    <FixationPoint x="604" y="291" start="268880" duration="213" aoi="Line2" />
    <FixationPoint x="637" y="280" start="269110" duration="280" aoi="Line2" />
    <FixationPoint x="982" y="314" start="269767" duration="214" aoi="Line2" />
    <FixationPoint x="1104" y="283" start="269997" duration="296" aoi="Line2" />
    <FixationPoint x="1044" y="270" start="270917" duration="165" aoi="Line2" />
    <FixationPoint x="464" y="297" start="277899" duration="312" aoi="Line2" />
    <FixationPoint x="562" y="272" start="279262" duration="230" aoi="Line2" />
    <FixationPoint x="704" y="270" start="279509" duration="263" aoi="Line2" />
    <FixationPoint x="814" y="311" start="279788" duration="411" aoi="Line2" />
    <FixationPoint x="1123" y="292" start="283550" duration="361" aoi="Line2" />
    <FixationPoint x="682" y="304" start="284207" duration="197" aoi="Line2" />
    <FixationPoint x="1070" y="291" start="284470" duration="247" aoi="Line2" />
    <FixationPoint x="794" y="300" start="284783" duration="459" aoi="Line2" />
    <FixationPoint x="880" y="318" start="285259" duration="312" aoi="Line2" />
    <FixationPoint x="906" y="314" start="285587" duration="247" aoi="Line2" />
    <FixationPoint x="988" y="302" start="287542" duration="378" aoi="Line2" />
    <FixationPoint x="1050" y="296" start="288479" duration="378" aoi="Line2" />
    <FixationPoint x="838" y="315" start="288922" duration="197" aoi="Line2" />
    <FixationPoint x="1026" y="318" start="289284" duration="262" aoi="Line2" />
    <FixationPoint x="976" y="306" start="289825" duration="279" aoi="Line2" />
    <FixationPoint x="1010" y="308" start="295181" duration="214" aoi="Line2" />
    <FixationPoint x="766" y="321" start="295461" duration="131" aoi="Line2" />
    <FixationPoint x="640" y="317" start="298960" duration="164" aoi="Line2" />
    <FixationPoint x="829" y="284" start="302738" duration="164" aoi="Line2" />
    <FixationPoint x="741" y="304" start="302919" duration="214" aoi="Line2" />
    <FixationPoint x="942" y="315" start="303198" duration="346" aoi="Line2" />
    <FixationPoint x="646" y="308" start="306139" duration="344" aoi="Line2" />
    <FixationPoint x="943" y="276" start="306500" duration="164" aoi="Line2" />
    <FixationPoint x="974" y="278" start="306681" duration="214" aoi="Line2" />
    <FixationPoint x="703" y="295" start="306911" duration="165" aoi="Line2" />
    <FixationPoint x="458" y="288" start="307092" duration="509" aoi="Line2" />
    <FixationPoint x="323" y="292" start="307617" duration="263" aoi="Line2" />
    <FixationPoint x="972" y="309" start="307946" duration="180" aoi="Line2" />
    <FixationPoint x="1038" y="312" start="308143" duration="295" aoi="Line2" />
    <FixationPoint x="715" y="317" start="308504" duration="230" aoi="Line2" />
    <FixationPoint x="995" y="312" start="308751" duration="197" aoi="Line2" />
    <FixationPoint x="1042" y="312" start="308964" duration="329" aoi="Line2" />
    <FixationPoint x="877" y="308" start="309309" duration="246" aoi="Line2" />
    <FixationPoint x="668" y="296" start="309572" duration="296" aoi="Line2" />
    <FixationPoint x="480" y="278" start="309885" duration="296" aoi="Line2" />
    <FixationPoint x="1036" y="276" start="310246" duration="230" aoi="Line2" />
    <FixationPoint x="969" y="302" start="310492" duration="246" aoi="Line2" />
    <FixationPoint x="670" y="301" start="310804" duration="176" aoi="Line2" />
    <FixationPoint x="993" y="348" start="213369" duration="213" aoi="Line3" />
    <FixationPoint x="688" y="404" start="213599" duration="180" aoi="Line3" />
    <FixationPoint x="794" y="398" start="213796" duration="164" aoi="Line3" />
    <FixationPoint x="1422" y="409" start="216720" duration="164" aoi="Line3" />
    <FixationPoint x="1334" y="388" start="216901" duration="164" aoi="Line3" />
    <FixationPoint x="1330" y="378" start="217755" duration="197" aoi="Line3" />
    <FixationPoint x="968" y="392" start="218248" duration="197" aoi="Line3" />
    <FixationPoint x="720" y="394" start="224901" duration="214" aoi="Line3" />
    <FixationPoint x="703" y="362" start="225476" duration="197" aoi="Line3" />
    <FixationPoint x="641" y="340" start="225690" duration="230" aoi="Line3" />
    <FixationPoint x="870" y="361" start="226281" duration="230" aoi="Line3" />
    <FixationPoint x="896" y="403" start="229041" duration="296" aoi="Line3" />
    <FixationPoint x="1088" y="336" start="229403" duration="328" aoi="Line3" />
    <FixationPoint x="806" y="358" start="234660" duration="263" aoi="Line3" />
    <FixationPoint x="439" y="380" start="235284" duration="214" aoi="Line3" />
    <FixationPoint x="1097" y="348" start="237009" duration="148" aoi="Line3" />
    <FixationPoint x="1017" y="400" start="238701" duration="230" aoi="Line3" />
    <FixationPoint x="1056" y="329" start="239720" duration="280" aoi="Line3" />
    <FixationPoint x="722" y="338" start="240328" duration="345" aoi="Line3" />
    <FixationPoint x="989" y="326" start="240870" duration="262" aoi="Line3" />
    <FixationPoint x="874" y="392" start="248558" duration="181" aoi="Line3" />
    <FixationPoint x="1093" y="394" start="250940" duration="181" aoi="Line3" />
    <FixationPoint x="1405" y="402" start="251137" duration="164" aoi="Line3" />
    <FixationPoint x="1371" y="405" start="252140" duration="197" aoi="Line3" />
    <FixationPoint x="1388" y="414" start="253963" duration="181" aoi="Line3" />
    <FixationPoint x="842" y="410" start="254439" duration="230" aoi="Line3" />
    <FixationPoint x="1068" y="410" start="254735" duration="213" aoi="Line3" />
    <FixationPoint x="1028" y="377" start="256641" duration="247" aoi="Line3" />
    <FixationPoint x="636" y="326" start="261784" duration="180" aoi="Line3" />
    <FixationPoint x="924" y="414" start="262029" duration="213" aoi="Line3" />
    <FixationPoint x="437" y="338" start="269455" duration="247" aoi="Line3" />
    <FixationPoint x="647" y="370" start="270358" duration="312" aoi="Line3" />
    <FixationPoint x="1006" y="362" start="277389" duration="214" aoi="Line3" />
    <FixationPoint x="578" y="330" start="277669" duration="213" aoi="Line3" />
    <FixationPoint x="685" y="386" start="283977" duration="213" aoi="Line3" />
    <FixationPoint x="856" y="404" start="285850" duration="213" aoi="Line3" />
    <FixationPoint x="774" y="329" start="289612" duration="197" aoi="Line3" />
    <FixationPoint x="760" y="372" start="290121" duration="181" aoi="Line3" />
    <FixationPoint x="1073" y="387" start="291189" duration="246" aoi="Line3" />
    <FixationPoint x="1131" y="402" start="293243" duration="214" aoi="Line3" />
    <FixationPoint x="1014" y="366" start="293473" duration="246" aoi="Line3" />
    <FixationPoint x="898" y="398" start="294294" duration="263" aoi="Line3" />
    <FixationPoint x="793" y="403" start="296824" duration="181" aoi="Line3" />
    <FixationPoint x="1088" y="362" start="297070" duration="246" aoi="Line3" />
    <FixationPoint x="568" y="336" start="299140" duration="181" aoi="Line3" />
    <FixationPoint x="982" y="381" start="302475" duration="247" aoi="Line3" />
    <FixationPoint x="652" y="390" start="303609" duration="263" aoi="Line3" />
    <FixationPoint x="1386" y="408" start="304152" duration="180" aoi="Line3" />
    <FixationPoint x="1477" y="402" start="305400" duration="213" aoi="Line3" />
    <FixationPoint x="1070" y="448" start="214125" duration="230" aoi="Line4" />
    <FixationPoint x="1248" y="452" start="214371" duration="214" aoi="Line4" />
    <FixationPoint x="1396" y="450" start="214650" duration="164" aoi="Line4" />
    <FixationPoint x="692" y="448" start="215225" duration="230" aoi="Line4" />
    <FixationPoint x="1144" y="432" start="215521" duration="181" aoi="Line4" />
    <FixationPoint x="1264" y="438" start="215718" duration="230" aoi="Line4" />
    <FixationPoint x="1028" y="428" start="215965" duration="164" aoi="Line4" />
    <FixationPoint x="684" y="426" start="216194" duration="263" aoi="Line4" />
    <FixationPoint x="1119" y="430" start="216523" duration="181" aoi="Line4" />
    <FixationPoint x="925" y="476" start="217131" duration="197" aoi="Line4" />
    <FixationPoint x="1051" y="492" start="217344" duration="164" aoi="Line4" />
    <FixationPoint x="1286" y="434" start="217525" duration="214" aoi="Line4" />
    <FixationPoint x="922" y="438" start="225131" duration="132" aoi="Line4" />
    <FixationPoint x="728" y="428" start="226528" duration="345" aoi="Line4" />
    <FixationPoint x="989" y="424" start="226890" duration="197" aoi="Line4" />
    <FixationPoint x="1340" y="426" start="227152" duration="214" aoi="Line4" />
    <FixationPoint x="1446" y="434" start="227382" duration="197" aoi="Line4" />
    <FixationPoint x="1130" y="442" start="228072" duration="214" aoi="Line4" />
    <FixationPoint x="1315" y="424" start="228302" duration="197" aoi="Line4" />
    <FixationPoint x="1261" y="417" start="228565" duration="164" aoi="Line4" />
    <FixationPoint x="881" y="437" start="228795" duration="230" aoi="Line4" />
    <FixationPoint x="1078" y="480" start="230438" duration="181" aoi="Line4" />
    <FixationPoint x="994" y="466" start="236746" duration="246" aoi="Line4" />
    <FixationPoint x="1048" y="464" start="237272" duration="230" aoi="Line4" />
    <FixationPoint x="1236" y="448" start="251318" duration="165" aoi="Line4" />
    <FixationPoint x="1164" y="422" start="251893" duration="230" aoi="Line4" />
    <FixationPoint x="1349" y="416" start="252353" duration="180" aoi="Line4" />
    <FixationPoint x="1211" y="466" start="253749" duration="197" aoi="Line4" />
    <FixationPoint x="1256" y="425" start="254160" duration="164" aoi="Line4" />
    <FixationPoint x="904" y="438" start="255458" duration="181" aoi="Line4" />
    <FixationPoint x="1086" y="468" start="255754" duration="246" aoi="Line4" />
    <FixationPoint x="1264" y="448" start="256904" duration="181" aoi="Line4" />
    <FixationPoint x="1291" y="444" start="257101" duration="181" aoi="Line4" />
    <FixationPoint x="974" y="489" start="257347" duration="230" aoi="Line4" />
    <FixationPoint x="833" y="468" start="265808" duration="312" aoi="Line4" />
    <FixationPoint x="524" y="439" start="266185" duration="329" aoi="Line4" />
    <FixationPoint x="704" y="492" start="271377" duration="247" aoi="Line4" />
    <FixationPoint x="1311" y="422" start="271689" duration="164" aoi="Line4" />
    <FixationPoint x="870" y="462" start="277045" duration="230" aoi="Line4" />
    <FixationPoint x="733" y="448" start="280495" duration="213" aoi="Line4" />
    <FixationPoint x="1193" y="437" start="280774" duration="164" aoi="Line4" />
    <FixationPoint x="1425" y="471" start="280955" duration="213" aoi="Line4" />
    <FixationPoint x="1164" y="446" start="290368" duration="214" aoi="Line4" />
    <FixationPoint x="1424" y="426" start="290598" duration="181" aoi="Line4" />
    <FixationPoint x="1348" y="456" start="290795" duration="82" aoi="Line4" />
    <FixationPoint x="988" y="468" start="290943" duration="230" aoi="Line4" />
    <FixationPoint x="944" y="476" start="292996" duration="181" aoi="Line4" />
    <FixationPoint x="994" y="428" start="294573" duration="197" aoi="Line4" />
    <FixationPoint x="1249" y="434" start="297859" duration="181" aoi="Line4" />
    <FixationPoint x="1118" y="422" start="303937" duration="197" aoi="Line4" />
    <FixationPoint x="1308" y="418" start="304348" duration="180" aoi="Line4" />
    <FixationPoint x="1048" y="432" start="304545" duration="263" aoi="Line4" />
    <FixationPoint x="932" y="484" start="304824" duration="329" aoi="Line4" />
    <FixationPoint x="1201" y="417" start="305169" duration="164" aoi="Line4" />
    <FixationPoint x="872" y="476" start="305679" duration="394" aoi="Line4" />
    <FixationPoint x="893" y="557" start="214881" duration="279" aoi="Line5" />
    <FixationPoint x="897" y="590" start="218462" duration="197" aoi="Line5" />
    <FixationPoint x="1050" y="588" start="222503" duration="214" aoi="Line5" />
    <FixationPoint x="571" y="532" start="223456" duration="230" aoi="Line5" />
    <FixationPoint x="932" y="526" start="227645" duration="312" aoi="Line5" />
    <FixationPoint x="644" y="586" start="230947" duration="230" aoi="Line5" />
    <FixationPoint x="752" y="538" start="234413" duration="230" aoi="Line5" />
    <FixationPoint x="522" y="576" start="235514" duration="230" aoi="Line5" />
    <FixationPoint x="615" y="553" start="236467" duration="214" aoi="Line5" />
    <FixationPoint x="1036" y="582" start="238405" duration="279" aoi="Line5" />
    <FixationPoint x="948" y="516" start="251548" duration="329" aoi="Line5" />
    <FixationPoint x="972" y="542" start="252599" duration="214" aoi="Line5" />
    <FixationPoint x="856" y="578" start="255195" duration="247" aoi="Line5" />
    <FixationPoint x="953" y="514" start="256444" duration="181" aoi="Line5" />
    <FixationPoint x="1074" y="548" start="260534" duration="197" aoi="Line5" />
    <FixationPoint x="543" y="548" start="266531" duration="345" aoi="Line5" />
    <FixationPoint x="852" y="507" start="271147" duration="214" aoi="Line5" />
    <FixationPoint x="523" y="579" start="276634" duration="345" aoi="Line5" />
    <FixationPoint x="821" y="518" start="280265" duration="214" aoi="Line5" />
    <FixationPoint x="1026" y="560" start="282351" duration="214" aoi="Line5" />
    <FixationPoint x="959" y="585" start="291452" duration="197" aoi="Line5" />
    <FixationPoint x="664" y="540" start="292799" duration="181" aoi="Line5" />
    <FixationPoint x="1048" y="584" start="294015" duration="214" aoi="Line5" />
    <FixationPoint x="868" y="588" start="294836" duration="279" aoi="Line5" />
    <FixationPoint x="724" y="564" start="296528" duration="279" aoi="Line5" />
    <FixationPoint x="1036" y="588" start="297333" duration="197" aoi="Line5" />
    <FixationPoint x="854" y="557" start="297596" duration="197" aoi="Line5" />
    <FixationPoint x="1236" y="516" start="298056" duration="197" aoi="Line5" />
    <FixationPoint x="1034" y="545" start="298697" duration="197" aoi="Line5" />
    <FixationPoint x="1062" y="578" start="299551" duration="279" aoi="Line5" />
    <FixationPoint x="638" y="590" start="300685" duration="197" aoi="Line5" />
    <FixationPoint x="560" y="586" start="300899" duration="230" aoi="Line5" />
    <FixationPoint x="584" y="592" start="301785" duration="181" aoi="Line5" />
    <FixationPoint x="1090" y="568" start="302262" duration="197" aoi="Line5" />
    <FixationPoint x="886" y="634" start="218675" duration="230" aoi="Line6" />
    <FixationPoint x="1064" y="634" start="218921" duration="641" aoi="Line6" />
    <FixationPoint x="737" y="678" start="219678" duration="312" aoi="Line6" />
    <FixationPoint x="1018" y="638" start="221731" duration="329" aoi="Line6" />
    <FixationPoint x="882" y="620" start="222076" duration="361" aoi="Line6" />
    <FixationPoint x="805" y="619" start="222733" duration="427" aoi="Line6" />
    <FixationPoint x="884" y="620" start="223176" duration="214" aoi="Line6" />
    <FixationPoint x="1072" y="609" start="230635" duration="246" aoi="Line6" />
    <FixationPoint x="712" y="604" start="231193" duration="165" aoi="Line6" />
    <FixationPoint x="1050" y="612" start="231424" duration="361" aoi="Line6" />
    <FixationPoint x="940" y="622" start="231801" duration="247" aoi="Line6" />
    <FixationPoint x="820" y="616" start="232064" duration="427" aoi="Line6" />
    <FixationPoint x="832" y="628" start="232508" duration="197" aoi="Line6" />
    <FixationPoint x="710" y="658" start="232721" duration="263" aoi="Line6" />
    <FixationPoint x="1087" y="685" start="233050" duration="197" aoi="Line6" />
    <FixationPoint x="1173" y="676" start="233263" duration="247" aoi="Line6" />
    <FixationPoint x="972" y="660" start="233526" duration="214" aoi="Line6" />
    <FixationPoint x="722" y="602" start="233806" duration="213" aoi="Line6" />
    <FixationPoint x="818" y="605" start="234036" duration="361" aoi="Line6" />
    <FixationPoint x="526" y="611" start="235760" duration="312" aoi="Line6" />
    <FixationPoint x="1063" y="629" start="237518" duration="214" aoi="Line6" />
    <FixationPoint x="918" y="640" start="237748" duration="279" aoi="Line6" />
    <FixationPoint x="1124" y="618" start="238093" duration="296" aoi="Line6" />
    <FixationPoint x="962" y="622" start="248378" duration="164" aoi="Line6" />
    <FixationPoint x="1106" y="619" start="253536" duration="197" aoi="Line6" />
    <FixationPoint x="950" y="609" start="254965" duration="214" aoi="Line6" />
    <FixationPoint x="962" y="600" start="256016" duration="181" aoi="Line6" />
    <FixationPoint x="864" y="624" start="256214" duration="214" aoi="Line6" />
    <FixationPoint x="922" y="600" start="259368" duration="378" aoi="Line6" />
    <FixationPoint x="833" y="616" start="259763" duration="229" aoi="Line6" />
    <FixationPoint x="1120" y="618" start="260058" duration="460" aoi="Line6" />
    <FixationPoint x="914" y="625" start="262259" duration="214" aoi="Line6" />
    <FixationPoint x="990" y="642" start="262489" duration="427" aoi="Line6" />
    <FixationPoint x="830" y="616" start="262933" duration="279" aoi="Line6" />
    <FixationPoint x="923" y="642" start="263228" duration="246" aoi="Line6" />
    <FixationPoint x="1116" y="616" start="263491" duration="378" aoi="Line6" />
    <FixationPoint x="1022" y="626" start="264608" duration="214" aoi="Line6" />
    <FixationPoint x="1100" y="613" start="264838" duration="263" aoi="Line6" />
    <FixationPoint x="520" y="672" start="266892" duration="230" aoi="Line6" />
    <FixationPoint x="984" y="678" start="275911" duration="181" aoi="Line6" />
    <FixationPoint x="1010" y="628" start="276108" duration="197" aoi="Line6" />
    <FixationPoint x="789" y="613" start="276322" duration="246" aoi="Line6" />
    <FixationPoint x="787" y="638" start="281234" duration="197" aoi="Line6" />
    <FixationPoint x="581" y="597" start="281447" duration="197" aoi="Line6" />
    <FixationPoint x="674" y="618" start="281661" duration="164" aoi="Line6" />
    <FixationPoint x="916" y="661" start="281891" duration="394" aoi="Line6" />
    <FixationPoint x="872" y="632" start="282581" duration="312" aoi="Line6" />
    <FixationPoint x="1148" y="628" start="283139" duration="345" aoi="Line6" />
    <FixationPoint x="892" y="632" start="286080" duration="296" aoi="Line6" />
    <FixationPoint x="834" y="644" start="286392" duration="197" aoi="Line6" />
    <FixationPoint x="1112" y="638" start="286655" duration="395" aoi="Line6" />
    <FixationPoint x="892" y="643" start="287115" duration="361" aoi="Line6" />
    <FixationPoint x="1060" y="641" start="287985" duration="427" aoi="Line6" />
    <FixationPoint x="875" y="614" start="291666" duration="263" aoi="Line6" />
    <FixationPoint x="1044" y="616" start="291945" duration="197" aoi="Line6" />
    <FixationPoint x="1004" y="643" start="292159" duration="181" aoi="Line6" />
    <FixationPoint x="788" y="630" start="292356" duration="230" aoi="Line6" />
    <FixationPoint x="556" y="610" start="292602" duration="181" aoi="Line6" />
    <FixationPoint x="988" y="614" start="293785" duration="213" aoi="Line6" />
    <FixationPoint x="1055" y="603" start="295707" duration="263" aoi="Line6" />
    <FixationPoint x="1061" y="632" start="295986" duration="263" aoi="Line6" />
    <FixationPoint x="858" y="618" start="296265" duration="247" aoi="Line6" />
    <FixationPoint x="1012" y="633" start="298270" duration="181" aoi="Line6" />
    <FixationPoint x="938" y="632" start="298467" duration="213" aoi="Line6" />
    <FixationPoint x="976" y="632" start="299847" duration="181" aoi="Line6" />
    <FixationPoint x="828" y="624" start="300044" duration="230" aoi="Line6" />
    <FixationPoint x="1128" y="642" start="300340" duration="279" aoi="Line6" />
    <FixationPoint x="1046" y="618" start="301194" duration="312" aoi="Line6" />
    <FixationPoint x="794" y="622" start="301522" duration="197" aoi="Line6" />
    <FixationPoint x="1084" y="619" start="302032" duration="214" aoi="Line6" />
    <FixationPoint x="1126" y="714" start="220055" duration="181" aoi="Line7" />
    <FixationPoint x="1047" y="726" start="221583" duration="131" aoi="Line7" />
    <FixationPoint x="528" y="748" start="236089" duration="361" aoi="Line7" />
    <FixationPoint x="1068" y="728" start="252829" duration="247" aoi="Line7" />
    <FixationPoint x="1103" y="722" start="253092" duration="197" aoi="Line7" />
    <FixationPoint x="984" y="722" start="253306" duration="213" aoi="Line7" />
    <FixationPoint x="746" y="702" start="265167" duration="197" aoi="Line7" />
    <FixationPoint x="904" y="723" start="265380" duration="361" aoi="Line7" />
    <FixationPoint x="538" y="764" start="267139" duration="312" aoi="Line7" />
    <FixationPoint x="902" y="756" start="272116" duration="246" aoi="Line7" />
    <FixationPoint x="889" y="746" start="275648" duration="247" aoi="Line7" />
    <FixationPoint x="1093" y="716" start="282959" duration="164" aoi="Line7" />
    <FixationPoint x="559" y="804" start="220367" duration="279" aoi="Line8" />
    <FixationPoint x="687" y="778" start="220663" duration="164" aoi="Line8" />
    <FixationPoint x="1044" y="842" start="220893" duration="197" aoi="Line8" />
    <FixationPoint x="1108" y="836" start="221107" duration="214" aoi="Line8" />
    <FixationPoint x="1001" y="810" start="221337" duration="230" aoi="Line8" />
    <FixationPoint x="946" y="836" start="241264" duration="280" aoi="Line8" />
    <FixationPoint x="1188" y="844" start="241609" duration="312" aoi="Line8" />
    <FixationPoint x="984" y="859" start="241987" duration="411" aoi="Line8" />
    <FixationPoint x="1169" y="839" start="243334" duration="230" aoi="Line8" />
    <FixationPoint x="974" y="864" start="243580" duration="412" aoi="Line8" />
    <FixationPoint x="1089" y="856" start="244007" duration="197" aoi="Line8" />
    <FixationPoint x="693" y="862" start="244271" duration="197" aoi="Line8" />
    <FixationPoint x="1066" y="847" start="244730" duration="181" aoi="Line8" />
    <FixationPoint x="1171" y="844" start="244928" duration="296" aoi="Line8" />
    <FixationPoint x="984" y="864" start="245240" duration="312" aoi="Line8" />
    <FixationPoint x="984" y="864" start="246324" duration="427" aoi="Line8" />
    <FixationPoint x="1168" y="846" start="246767" duration="247" aoi="Line8" />
    <FixationPoint x="1038" y="862" start="247030" duration="165" aoi="Line8" />
    <FixationPoint x="690" y="854" start="247835" duration="197" aoi="Line8" />
    <FixationPoint x="1004" y="860" start="248098" duration="263" aoi="Line8" />
    <FixationPoint x="1204" y="843" start="272839" duration="181" aoi="Line8" />
    <FixationPoint x="938" y="865" start="273792" duration="197" aoi="Line8" />
    <FixationPoint x="1040" y="854" start="274252" duration="181" aoi="Line8" />
    <FixationPoint x="1092" y="856" start="274449" duration="181" aoi="Line8" />
    <FixationPoint x="1022" y="860" start="274991" duration="247" aoi="Line8" />
    <FixationPoint x="1124" y="856" start="275254" duration="181" aoi="Line8" />
    <FixationPoint x="1146" y="814" start="275451" duration="181" aoi="Line8" />
    <FixationPoint x="938" y="137" start="248969" duration="214" aoi="Line0" />
    <FixationPoint x="884" y="2" start="258087" duration="230" aoi="Line0" />
    <FixationPoint x="516" y="3" start="258776" duration="279" aoi="Line0" />
    <FixationPoint x="1003" y="25" start="259121" duration="181" aoi="Line0" />
    <FixationPoint x="908" y="98" start="270736" duration="165" aoi="Line0" />
    <FixationPoint x="804" y="140" start="278868" duration="197" aoi="Line0" />
  </StimulusSegment>
  <StimulusSegment name="Bug2" duration="27150">
    <FixationPoint x="584" y="188" start="321664" duration="198" aoi="Line1" />
    <FixationPoint x="682" y="186" start="326625" duration="230" aoi="Line1" />
    <FixationPoint x="624" y="190" start="326871" duration="214" aoi="Line1" />
    <FixationPoint x="826" y="238" start="327101" duration="411" aoi="Line1" />
    <FixationPoint x="1186" y="166" start="329549" duration="164" aoi="Line1" />
    <FixationPoint x="586" y="194" start="333295" duration="345" aoi="Line1" />
    <FixationPoint x="692" y="282" start="321450" duration="197" aoi="Line2" />
    <FixationPoint x="934" y="329" start="327528" duration="197" aoi="Line2" />
    <FixationPoint x="1316" y="312" start="327791" duration="181" aoi="Line2" />
    <FixationPoint x="1450" y="306" start="327988" duration="132" aoi="Line2" />
    <FixationPoint x="788" y="296" start="333097" duration="181" aoi="Line2" />
    <FixationPoint x="1119" y="334" start="347538" duration="197" aoi="Line2" />
    <FixationPoint x="1124" y="406" start="328646" duration="230" aoi="Line3" />
    <FixationPoint x="790" y="422" start="330042" duration="213" aoi="Line3" />
    <FixationPoint x="886" y="415" start="331635" duration="246" aoi="Line3" />
    <FixationPoint x="905" y="431" start="331898" duration="345" aoi="Line3" />
    <FixationPoint x="749" y="418" start="332260" duration="214" aoi="Line3" />
    <FixationPoint x="602" y="428" start="332490" duration="246" aoi="Line3" />
    <FixationPoint x="1100" y="428" start="334001" duration="214" aoi="Line3" />
    <FixationPoint x="914" y="436" start="334231" duration="362" aoi="Line3" />
    <FixationPoint x="1026" y="412" start="334609" duration="181" aoi="Line3" />
    <FixationPoint x="1224" y="412" start="334806" duration="263" aoi="Line3" />
    <FixationPoint x="524" y="422" start="336088" duration="296" aoi="Line3" />
    <FixationPoint x="433" y="410" start="336449" duration="181" aoi="Line3" />
    <FixationPoint x="1116" y="436" start="336695" duration="181" aoi="Line3" />
    <FixationPoint x="460" y="420" start="337204" duration="247" aoi="Line3" />
    <FixationPoint x="453" y="421" start="337468" duration="164" aoi="Line3" />
    <FixationPoint x="300" y="426" start="338272" duration="559" aoi="Line3" />
    <FixationPoint x="639" y="411" start="338897" duration="197" aoi="Line3" />
    <FixationPoint x="1040" y="431" start="339159" duration="197" aoi="Line3" />
    <FixationPoint x="932" y="424" start="339603" duration="246" aoi="Line3" />
    <FixationPoint x="750" y="392" start="339867" duration="196" aoi="Line3" />
    <FixationPoint x="618" y="420" start="340129" duration="181" aoi="Line3" />
    <FixationPoint x="1114" y="432" start="340375" duration="164" aoi="Line3" />
    <FixationPoint x="492" y="418" start="341164" duration="230" aoi="Line3" />
    <FixationPoint x="480" y="418" start="341410" duration="181" aoi="Line3" />
    <FixationPoint x="870" y="422" start="342018" duration="263" aoi="Line3" />
    <FixationPoint x="668" y="432" start="347308" duration="164" aoi="Line3" />
    <FixationPoint x="847" y="442" start="328235" duration="345" aoi="Line4" />
    <FixationPoint x="1010" y="446" start="329779" duration="246" aoi="Line4" />
    <FixationPoint x="642" y="459" start="330272" duration="214" aoi="Line4" />
    <FixationPoint x="1156" y="444" start="331290" duration="280" aoi="Line4" />
    <FixationPoint x="993" y="438" start="332801" duration="279" aoi="Line4" />
    <FixationPoint x="1094" y="450" start="333771" duration="214" aoi="Line4" />
    <FixationPoint x="1094" y="529" start="335086" duration="164" aoi="Line4" />
    <FixationPoint x="1228" y="516" start="335627" duration="214" aoi="Line4" />
    <FixationPoint x="938" y="516" start="335858" duration="164" aoi="Line4" />
    <FixationPoint x="1181" y="448" start="336892" duration="246" aoi="Line4" />
    <FixationPoint x="1130" y="444" start="337697" duration="197" aoi="Line4" />
    <FixationPoint x="372" y="442" start="338009" duration="247" aoi="Line4" />
    <FixationPoint x="1127" y="440" start="339373" duration="213" aoi="Line4" />
    <FixationPoint x="1316" y="481" start="340556" duration="180" aoi="Line4" />
    <FixationPoint x="1195" y="526" start="340753" duration="164" aoi="Line4" />
    <FixationPoint x="793" y="490" start="340933" duration="165" aoi="Line4" />
    <FixationPoint x="1050" y="467" start="341656" duration="345" aoi="Line4" />
    <FixationPoint x="1081" y="455" start="342298" duration="1100" aoi="Line4" />
    <FixationPoint x="1134" y="442" start="343414" duration="329" aoi="Line4" />
    <FixationPoint x="908" y="446" start="343808" duration="246" aoi="Line4" />
    <FixationPoint x="1050" y="454" start="344071" duration="230" aoi="Line4" />
    <FixationPoint x="1046" y="455" start="344318" duration="296" aoi="Line4" />
    <FixationPoint x="843" y="450" start="344680" duration="213" aoi="Line4" />
    <FixationPoint x="1058" y="446" start="344959" duration="1166" aoi="Line4" />
    <FixationPoint x="722" y="462" start="346191" duration="181" aoi="Line4" />
    <FixationPoint x="684" y="451" start="346388" duration="181" aoi="Line4" />
    <FixationPoint x="1162" y="452" start="346634" duration="312" aoi="Line4" />
    <FixationPoint x="800" y="446" start="347012" duration="230" aoi="Line4" />
    <FixationPoint x="1070" y="492" start="347752" duration="180" aoi="Line4" />
    <FixationPoint x="799" y="600" start="330502" duration="197" aoi="Line5" />
    <FixationPoint x="978" y="558" start="335266" duration="296" aoi="Line5" />
    <FixationPoint x="1012" y="688" start="331028" duration="197" aoi="Line6" />
  </StimulusSegment>
  <StimulusSegment name="Bug3" duration="15570">
    <FixationPoint x="684" y="286" start="356278" duration="213" aoi="Line1" />
    <FixationPoint x="744" y="260" start="356507" duration="263" aoi="Line1" />
    <FixationPoint x="914" y="319" start="359399" duration="181" aoi="Line1" />
    <FixationPoint x="703" y="318" start="359646" duration="213" aoi="Line1" />
    <FixationPoint x="968" y="318" start="360549" duration="476" aoi="Line1" />
    <FixationPoint x="1040" y="322" start="361042" duration="378" aoi="Line1" />
    <FixationPoint x="1124" y="308" start="361436" duration="444" aoi="Line1" />
    <FixationPoint x="1188" y="323" start="361896" duration="345" aoi="Line1" />
    <FixationPoint x="1286" y="305" start="362257" duration="329" aoi="Line1" />
    <FixationPoint x="1236" y="340" start="362602" duration="181" aoi="Line1" />
    <FixationPoint x="960" y="386" start="359875" duration="164" aoi="Line2" />
    <FixationPoint x="1116" y="438" start="363539" duration="427" aoi="Line2" />
    <FixationPoint x="640" y="389" start="365954" duration="230" aoi="Line2" />
    <FixationPoint x="712" y="530" start="358167" duration="247" aoi="Line3" />
    <FixationPoint x="1130" y="461" start="359186" duration="197" aoi="Line3" />
    <FixationPoint x="1068" y="459" start="360056" duration="476" aoi="Line3" />
    <FixationPoint x="1006" y="446" start="362849" duration="673" aoi="Line3" />
    <FixationPoint x="1183" y="466" start="363982" duration="312" aoi="Line3" />
    <FixationPoint x="752" y="444" start="365756" duration="181" aoi="Line3" />
    <FixationPoint x="386" y="516" start="366627" duration="460" aoi="Line3" />
    <FixationPoint x="574" y="518" start="368418" duration="213" aoi="Line3" />
    <FixationPoint x="744" y="526" start="370488" duration="181" aoi="Line3" />
    <FixationPoint x="610" y="532" start="370685" duration="214" aoi="Line3" />
    <FixationPoint x="844" y="548" start="358430" duration="197" aoi="Line4" />
    <FixationPoint x="1058" y="562" start="358643" duration="181" aoi="Line4" />
    <FixationPoint x="1126" y="546" start="358840" duration="329" aoi="Line4" />
    <FixationPoint x="1106" y="552" start="364311" duration="246" aoi="Line4" />
    <FixationPoint x="788" y="546" start="364623" duration="230" aoi="Line4" />
    <FixationPoint x="830" y="626" start="364870" duration="262" aoi="Line4" />
    <FixationPoint x="1112" y="601" start="365510" duration="181" aoi="Line4" />
    <FixationPoint x="904" y="542" start="366200" duration="165" aoi="Line4" />
    <FixationPoint x="933" y="572" start="366381" duration="181" aoi="Line4" />
    <FixationPoint x="1036" y="568" start="367153" duration="230" aoi="Line4" />
    <FixationPoint x="1110" y="562" start="367399" duration="148" aoi="Line4" />
    <FixationPoint x="823" y="592" start="367662" duration="214" aoi="Line4" />
    <FixationPoint x="1004" y="584" start="367892" duration="198" aoi="Line4" />
    <FixationPoint x="1082" y="578" start="368106" duration="246" aoi="Line4" />
    <FixationPoint x="1009" y="568" start="368698" duration="181" aoi="Line4" />
    <FixationPoint x="1056" y="558" start="368894" duration="246" aoi="Line4" />
    <FixationPoint x="903" y="562" start="369157" duration="247" aoi="Line4" />
    <FixationPoint x="1070" y="581" start="369470" duration="263" aoi="Line4" />
    <FixationPoint x="866" y="569" start="369749" duration="214" aoi="Line4" />
    <FixationPoint x="788" y="534" start="370028" duration="164" aoi="Line4" />
    <FixationPoint x="982" y="548" start="370209" duration="263" aoi="Line4" />
    <FixationPoint x="1058" y="580" start="370964" duration="181" aoi="Line4" />
    <FixationPoint x="1014" y="564" start="371162" duration="246" aoi="Line4" />
    <FixationPoint x="880" y="554" start="371424" duration="156" aoi="Line4" />
    <FixationPoint x="753" y="168" start="356064" duration="197" aoi="Line0" />
    <FixationPoint x="742" y="126" start="356787" duration="181" aoi="Line0" />
    <FixationPoint x="1005" y="169" start="357937" duration="164" aoi="Line0" />
  </StimulusSegment>
</StimulusSegments>